Build output check failed:
    Regex: 'command[- ]line option .* is valid for .* but not for C'
    Output line: 'cc1.exe: warning: command line option '-Wnon-virtual-dtor' is valid for C++/ObjC++ but not for C'
Compilation failed:
    source file: 'C:/Users/saiva/CLionProjects/Computer Vision/7_OpenCV_Circle_Detection/cmake-build-debug/CMakeFiles/CMakeTmp/src.c'
    check option: ' -fsigned-char -W -Wall -Wreturn-type  -Wnon-virtual-dtor'
===== BUILD LOG =====
Change Dir: C:/Users/saiva/CLionProjects/Computer Vision/7_OpenCV_Circle_Detection/cmake-build-debug/CMakeFiles/CMakeTmp

Run Build Command(s):C:/Program Files/JetBrains/CLion 2021.1.2/bin/ninja/win/ninja.exe cmTC_4cefc && [1/2] Building C object CMakeFiles/cmTC_4cefc.dir/src.c.obj
cc1.exe: warning: command line option '-Wnon-virtual-dtor' is valid for C++/ObjC++ but not for C
C:/Users/saiva/CLionProjects/Computer Vision/7_OpenCV_Circle_Detection/cmake-build-debug/CMakeFiles/CMakeTmp/src.c:1: warning: ignoring #pragma   [-Wunknown-pragmas]
 #pragma
 
[2/2] Linking C executable cmTC_4cefc.exe


===== END =====

Build output check failed:
    Regex: 'command[- ]line option .* is valid for .* but not for C\+\+'
    Output line: 'cc1plus.exe: warning: command line option '-Wmissing-prototypes' is valid for C/ObjC but not for C++'
Compilation failed:
    source file: 'C:/Users/saiva/CLionProjects/Computer Vision/7_OpenCV_Circle_Detection/cmake-build-debug/CMakeFiles/CMakeTmp/src.cxx'
    check option: ' -fsigned-char -W -Wall -Wreturn-type -Wnon-virtual-dtor -Waddress -Wsequence-point -Wformat -Wformat-security -Wmissing-declarations  -Wmissing-prototypes'
===== BUILD LOG =====
Change Dir: C:/Users/saiva/CLionProjects/Computer Vision/7_OpenCV_Circle_Detection/cmake-build-debug/CMakeFiles/CMakeTmp

Run Build Command(s):C:/Program Files/JetBrains/CLion 2021.1.2/bin/ninja/win/ninja.exe cmTC_8bf62 && [1/2] Building CXX object CMakeFiles/cmTC_8bf62.dir/src.cxx.obj
cc1plus.exe: warning: command line option '-Wmissing-prototypes' is valid for C/ObjC but not for C++
C:/Users/saiva/CLionProjects/Computer Vision/7_OpenCV_Circle_Detection/cmake-build-debug/CMakeFiles/CMakeTmp/src.cxx:1: warning: ignoring #pragma   [-Wunknown-pragmas]
 #pragma
 
[2/2] Linking CXX executable cmTC_8bf62.exe


===== END =====

Build output check failed:
    Regex: 'command[- ]line option .* is valid for .* but not for C\+\+'
    Output line: 'cc1plus.exe: warning: command line option '-Wstrict-prototypes' is valid for C/ObjC but not for C++'
Compilation failed:
    source file: 'C:/Users/saiva/CLionProjects/Computer Vision/7_OpenCV_Circle_Detection/cmake-build-debug/CMakeFiles/CMakeTmp/src.cxx'
    check option: ' -fsigned-char -W -Wall -Wreturn-type -Wnon-virtual-dtor -Waddress -Wsequence-point -Wformat -Wformat-security -Wmissing-declarations  -Wstrict-prototypes'
===== BUILD LOG =====
Change Dir: C:/Users/saiva/CLionProjects/Computer Vision/7_OpenCV_Circle_Detection/cmake-build-debug/CMakeFiles/CMakeTmp

Run Build Command(s):C:/Program Files/JetBrains/CLion 2021.1.2/bin/ninja/win/ninja.exe cmTC_fd464 && [1/2] Building CXX object CMakeFiles/cmTC_fd464.dir/src.cxx.obj
cc1plus.exe: warning: command line option '-Wstrict-prototypes' is valid for C/ObjC but not for C++
C:/Users/saiva/CLionProjects/Computer Vision/7_OpenCV_Circle_Detection/cmake-build-debug/CMakeFiles/CMakeTmp/src.cxx:1: warning: ignoring #pragma   [-Wunknown-pragmas]
 #pragma
 
[2/2] Linking CXX executable cmTC_fd464.exe


===== END =====

Build output check failed:
    Regex: 'command[- ]line option .* is valid for .* but not for C'
    Output line: 'cc1.exe: warning: command line option '-Wsign-promo' is valid for C++/ObjC++ but not for C'
Compilation failed:
    source file: 'C:/Users/saiva/CLionProjects/Computer Vision/7_OpenCV_Circle_Detection/cmake-build-debug/CMakeFiles/CMakeTmp/src.c'
    check option: ' -fsigned-char -W -Wall -Wreturn-type -Waddress -Wsequence-point -Wformat -Wformat-security -Wmissing-declarations -Wmissing-prototypes -Wstrict-prototypes -Wundef -Winit-self -Wpointer-arith -Wshadow  -Wsign-promo'
===== BUILD LOG =====
Change Dir: C:/Users/saiva/CLionProjects/Computer Vision/7_OpenCV_Circle_Detection/cmake-build-debug/CMakeFiles/CMakeTmp

Run Build Command(s):C:/Program Files/JetBrains/CLion 2021.1.2/bin/ninja/win/ninja.exe cmTC_53e56 && [1/2] Building C object CMakeFiles/cmTC_53e56.dir/src.c.obj
cc1.exe: warning: command line option '-Wsign-promo' is valid for C++/ObjC++ but not for C
C:/Users/saiva/CLionProjects/Computer Vision/7_OpenCV_Circle_Detection/cmake-build-debug/CMakeFiles/CMakeTmp/src.c:1: warning: ignoring #pragma   [-Wunknown-pragmas]
 #pragma
 
[2/2] Linking C executable cmTC_53e56.exe


===== END =====

Build output check failed:
    Regex: 'command[- ]line option .* is valid for .* but not for C'
    Output line: 'cc1.exe: warning: command line option '-Wsuggest-override' is valid for C++/ObjC++ but not for C'
Compilation failed:
    source file: 'C:/Users/saiva/CLionProjects/Computer Vision/7_OpenCV_Circle_Detection/cmake-build-debug/CMakeFiles/CMakeTmp/src.c'
    check option: ' -fsigned-char -W -Wall -Wreturn-type -Waddress -Wsequence-point -Wformat -Wformat-security -Wmissing-declarations -Wmissing-prototypes -Wstrict-prototypes -Wundef -Winit-self -Wpointer-arith -Wshadow -Wuninitialized  -Wsuggest-override'
===== BUILD LOG =====
Change Dir: C:/Users/saiva/CLionProjects/Computer Vision/7_OpenCV_Circle_Detection/cmake-build-debug/CMakeFiles/CMakeTmp

Run Build Command(s):C:/Program Files/JetBrains/CLion 2021.1.2/bin/ninja/win/ninja.exe cmTC_8ea2c && [1/2] Building C object CMakeFiles/cmTC_8ea2c.dir/src.c.obj
cc1.exe: warning: command line option '-Wsuggest-override' is valid for C++/ObjC++ but not for C
C:/Users/saiva/CLionProjects/Computer Vision/7_OpenCV_Circle_Detection/cmake-build-debug/CMakeFiles/CMakeTmp/src.c:1: warning: ignoring #pragma   [-Wunknown-pragmas]
 #pragma
 
[2/2] Linking C executable cmTC_8ea2c.exe


===== END =====

Build output check failed:
    Regex: 'command[- ]line option .* is valid for .* but not for C'
    Output line: 'cc1.exe: warning: command line option '-Wno-delete-non-virtual-dtor' is valid for C++/ObjC++ but not for C'
Compilation failed:
    source file: 'C:/Users/saiva/CLionProjects/Computer Vision/7_OpenCV_Circle_Detection/cmake-build-debug/CMakeFiles/CMakeTmp/src.c'
    check option: ' -fsigned-char -W -Wall -Wreturn-type -Waddress -Wsequence-point -Wformat -Wformat-security -Wmissing-declarations -Wmissing-prototypes -Wstrict-prototypes -Wundef -Winit-self -Wpointer-arith -Wshadow -Wuninitialized  -Wno-delete-non-virtual-dtor'
===== BUILD LOG =====
Change Dir: C:/Users/saiva/CLionProjects/Computer Vision/7_OpenCV_Circle_Detection/cmake-build-debug/CMakeFiles/CMakeTmp

Run Build Command(s):C:/Program Files/JetBrains/CLion 2021.1.2/bin/ninja/win/ninja.exe cmTC_8c25c && [1/2] Building C object CMakeFiles/cmTC_8c25c.dir/src.c.obj
cc1.exe: warning: command line option '-Wno-delete-non-virtual-dtor' is valid for C++/ObjC++ but not for C
C:/Users/saiva/CLionProjects/Computer Vision/7_OpenCV_Circle_Detection/cmake-build-debug/CMakeFiles/CMakeTmp/src.c:1: warning: ignoring #pragma   [-Wunknown-pragmas]
 #pragma
 
[2/2] Linking C executable cmTC_8c25c.exe


===== END =====

Build output check failed:
    Regex: 'unrecognized .*option'
    Output line: 'cc1plus.exe: warning: unrecognized command line option '-Wno-unnamed-type-template-args''
Compilation failed:
    source file: 'C:/Users/saiva/CLionProjects/Computer Vision/7_OpenCV_Circle_Detection/cmake-build-debug/CMakeFiles/CMakeTmp/src.cxx'
    check option: ' -fsigned-char -W -Wall -Wreturn-type -Wnon-virtual-dtor -Waddress -Wsequence-point -Wformat -Wformat-security -Wmissing-declarations -Wundef -Winit-self -Wpointer-arith -Wshadow -Wsign-promo -Wuninitialized -Wsuggest-override -Wno-delete-non-virtual-dtor  -Wno-unnamed-type-template-args'
===== BUILD LOG =====
Change Dir: C:/Users/saiva/CLionProjects/Computer Vision/7_OpenCV_Circle_Detection/cmake-build-debug/CMakeFiles/CMakeTmp

Run Build Command(s):C:/Program Files/JetBrains/CLion 2021.1.2/bin/ninja/win/ninja.exe cmTC_521ef && [1/2] Building CXX object CMakeFiles/cmTC_521ef.dir/src.cxx.obj
C:/Users/saiva/CLionProjects/Computer Vision/7_OpenCV_Circle_Detection/cmake-build-debug/CMakeFiles/CMakeTmp/src.cxx:1: warning: ignoring #pragma   [-Wunknown-pragmas]
 #pragma
 
cc1plus.exe: warning: unrecognized command line option '-Wno-unnamed-type-template-args'
[2/2] Linking CXX executable cmTC_521ef.exe


===== END =====

Build output check failed:
    Regex: 'unrecognized .*option'
    Output line: 'cc1.exe: warning: unrecognized command line option '-Wno-unnamed-type-template-args''
Compilation failed:
    source file: 'C:/Users/saiva/CLionProjects/Computer Vision/7_OpenCV_Circle_Detection/cmake-build-debug/CMakeFiles/CMakeTmp/src.c'
    check option: ' -fsigned-char -W -Wall -Wreturn-type -Waddress -Wsequence-point -Wformat -Wformat-security -Wmissing-declarations -Wmissing-prototypes -Wstrict-prototypes -Wundef -Winit-self -Wpointer-arith -Wshadow -Wuninitialized  -Wno-unnamed-type-template-args'
===== BUILD LOG =====
Change Dir: C:/Users/saiva/CLionProjects/Computer Vision/7_OpenCV_Circle_Detection/cmake-build-debug/CMakeFiles/CMakeTmp

Run Build Command(s):C:/Program Files/JetBrains/CLion 2021.1.2/bin/ninja/win/ninja.exe cmTC_84618 && [1/2] Building C object CMakeFiles/cmTC_84618.dir/src.c.obj
C:/Users/saiva/CLionProjects/Computer Vision/7_OpenCV_Circle_Detection/cmake-build-debug/CMakeFiles/CMakeTmp/src.c:1: warning: ignoring #pragma   [-Wunknown-pragmas]
 #pragma
 
cc1.exe: warning: unrecognized command line option '-Wno-unnamed-type-template-args'
[2/2] Linking C executable cmTC_84618.exe


===== END =====

Build output check failed:
    Regex: 'command[- ]line option .* is valid for .* but not for C'
    Output line: 'cc1.exe: warning: command line option '-Wnon-virtual-dtor' is valid for C++/ObjC++ but not for C'
Compilation failed:
    source file: 'C:/Users/saiva/CLionProjects/Computer_Vision/7_OpenCV_Circle_Detection/cmake-build-debug/CMakeFiles/CMakeTmp/src.c'
    check option: ' -fsigned-char -W -Wall -Wreturn-type  -Wnon-virtual-dtor'
===== BUILD LOG =====
Change Dir: C:/Users/saiva/CLionProjects/Computer_Vision/7_OpenCV_Circle_Detection/cmake-build-debug/CMakeFiles/CMakeTmp

Run Build Command(s):C:/Program Files/JetBrains/CLion 2021.1.2/bin/ninja/win/ninja.exe cmTC_89543 && [1/2] Building C object CMakeFiles/cmTC_89543.dir/src.c.obj
cc1.exe: warning: command line option '-Wnon-virtual-dtor' is valid for C++/ObjC++ but not for C
C:/Users/saiva/CLionProjects/Computer_Vision/7_OpenCV_Circle_Detection/cmake-build-debug/CMakeFiles/CMakeTmp/src.c:1: warning: ignoring #pragma   [-Wunknown-pragmas]
 #pragma
 
[2/2] Linking C executable cmTC_89543.exe


===== END =====

Build output check failed:
    Regex: 'command[- ]line option .* is valid for .* but not for C\+\+'
    Output line: 'cc1plus.exe: warning: command line option '-Wmissing-prototypes' is valid for C/ObjC but not for C++'
Compilation failed:
    source file: 'C:/Users/saiva/CLionProjects/Computer_Vision/7_OpenCV_Circle_Detection/cmake-build-debug/CMakeFiles/CMakeTmp/src.cxx'
    check option: ' -fsigned-char -W -Wall -Wreturn-type -Wnon-virtual-dtor -Waddress -Wsequence-point -Wformat -Wformat-security -Wmissing-declarations  -Wmissing-prototypes'
===== BUILD LOG =====
Change Dir: C:/Users/saiva/CLionProjects/Computer_Vision/7_OpenCV_Circle_Detection/cmake-build-debug/CMakeFiles/CMakeTmp

Run Build Command(s):C:/Program Files/JetBrains/CLion 2021.1.2/bin/ninja/win/ninja.exe cmTC_f773f && [1/2] Building CXX object CMakeFiles/cmTC_f773f.dir/src.cxx.obj
cc1plus.exe: warning: command line option '-Wmissing-prototypes' is valid for C/ObjC but not for C++
C:/Users/saiva/CLionProjects/Computer_Vision/7_OpenCV_Circle_Detection/cmake-build-debug/CMakeFiles/CMakeTmp/src.cxx:1: warning: ignoring #pragma   [-Wunknown-pragmas]
 #pragma
 
[2/2] Linking CXX executable cmTC_f773f.exe


===== END =====

Build output check failed:
    Regex: 'command[- ]line option .* is valid for .* but not for C\+\+'
    Output line: 'cc1plus.exe: warning: command line option '-Wstrict-prototypes' is valid for C/ObjC but not for C++'
Compilation failed:
    source file: 'C:/Users/saiva/CLionProjects/Computer_Vision/7_OpenCV_Circle_Detection/cmake-build-debug/CMakeFiles/CMakeTmp/src.cxx'
    check option: ' -fsigned-char -W -Wall -Wreturn-type -Wnon-virtual-dtor -Waddress -Wsequence-point -Wformat -Wformat-security -Wmissing-declarations  -Wstrict-prototypes'
===== BUILD LOG =====
Change Dir: C:/Users/saiva/CLionProjects/Computer_Vision/7_OpenCV_Circle_Detection/cmake-build-debug/CMakeFiles/CMakeTmp

Run Build Command(s):C:/Program Files/JetBrains/CLion 2021.1.2/bin/ninja/win/ninja.exe cmTC_3a7ea && [1/2] Building CXX object CMakeFiles/cmTC_3a7ea.dir/src.cxx.obj
cc1plus.exe: warning: command line option '-Wstrict-prototypes' is valid for C/ObjC but not for C++
C:/Users/saiva/CLionProjects/Computer_Vision/7_OpenCV_Circle_Detection/cmake-build-debug/CMakeFiles/CMakeTmp/src.cxx:1: warning: ignoring #pragma   [-Wunknown-pragmas]
 #pragma
 
[2/2] Linking CXX executable cmTC_3a7ea.exe


===== END =====

Build output check failed:
    Regex: 'command[- ]line option .* is valid for .* but not for C'
    Output line: 'cc1.exe: warning: command line option '-Wsign-promo' is valid for C++/ObjC++ but not for C'
Compilation failed:
    source file: 'C:/Users/saiva/CLionProjects/Computer_Vision/7_OpenCV_Circle_Detection/cmake-build-debug/CMakeFiles/CMakeTmp/src.c'
    check option: ' -fsigned-char -W -Wall -Wreturn-type -Waddress -Wsequence-point -Wformat -Wformat-security -Wmissing-declarations -Wmissing-prototypes -Wstrict-prototypes -Wundef -Winit-self -Wpointer-arith -Wshadow  -Wsign-promo'
===== BUILD LOG =====
Change Dir: C:/Users/saiva/CLionProjects/Computer_Vision/7_OpenCV_Circle_Detection/cmake-build-debug/CMakeFiles/CMakeTmp

Run Build Command(s):C:/Program Files/JetBrains/CLion 2021.1.2/bin/ninja/win/ninja.exe cmTC_ec227 && [1/2] Building C object CMakeFiles/cmTC_ec227.dir/src.c.obj
cc1.exe: warning: command line option '-Wsign-promo' is valid for C++/ObjC++ but not for C
C:/Users/saiva/CLionProjects/Computer_Vision/7_OpenCV_Circle_Detection/cmake-build-debug/CMakeFiles/CMakeTmp/src.c:1: warning: ignoring #pragma   [-Wunknown-pragmas]
 #pragma
 
[2/2] Linking C executable cmTC_ec227.exe


===== END =====

Build output check failed:
    Regex: 'command[- ]line option .* is valid for .* but not for C'
    Output line: 'cc1.exe: warning: command line option '-Wsuggest-override' is valid for C++/ObjC++ but not for C'
Compilation failed:
    source file: 'C:/Users/saiva/CLionProjects/Computer_Vision/7_OpenCV_Circle_Detection/cmake-build-debug/CMakeFiles/CMakeTmp/src.c'
    check option: ' -fsigned-char -W -Wall -Wreturn-type -Waddress -Wsequence-point -Wformat -Wformat-security -Wmissing-declarations -Wmissing-prototypes -Wstrict-prototypes -Wundef -Winit-self -Wpointer-arith -Wshadow -Wuninitialized  -Wsuggest-override'
===== BUILD LOG =====
Change Dir: C:/Users/saiva/CLionProjects/Computer_Vision/7_OpenCV_Circle_Detection/cmake-build-debug/CMakeFiles/CMakeTmp

Run Build Command(s):C:/Program Files/JetBrains/CLion 2021.1.2/bin/ninja/win/ninja.exe cmTC_319fb && [1/2] Building C object CMakeFiles/cmTC_319fb.dir/src.c.obj
cc1.exe: warning: command line option '-Wsuggest-override' is valid for C++/ObjC++ but not for C
C:/Users/saiva/CLionProjects/Computer_Vision/7_OpenCV_Circle_Detection/cmake-build-debug/CMakeFiles/CMakeTmp/src.c:1: warning: ignoring #pragma   [-Wunknown-pragmas]
 #pragma
 
[2/2] Linking C executable cmTC_319fb.exe


===== END =====

Build output check failed:
    Regex: 'command[- ]line option .* is valid for .* but not for C'
    Output line: 'cc1.exe: warning: command line option '-Wno-delete-non-virtual-dtor' is valid for C++/ObjC++ but not for C'
Compilation failed:
    source file: 'C:/Users/saiva/CLionProjects/Computer_Vision/7_OpenCV_Circle_Detection/cmake-build-debug/CMakeFiles/CMakeTmp/src.c'
    check option: ' -fsigned-char -W -Wall -Wreturn-type -Waddress -Wsequence-point -Wformat -Wformat-security -Wmissing-declarations -Wmissing-prototypes -Wstrict-prototypes -Wundef -Winit-self -Wpointer-arith -Wshadow -Wuninitialized  -Wno-delete-non-virtual-dtor'
===== BUILD LOG =====
Change Dir: C:/Users/saiva/CLionProjects/Computer_Vision/7_OpenCV_Circle_Detection/cmake-build-debug/CMakeFiles/CMakeTmp

Run Build Command(s):C:/Program Files/JetBrains/CLion 2021.1.2/bin/ninja/win/ninja.exe cmTC_5e063 && [1/2] Building C object CMakeFiles/cmTC_5e063.dir/src.c.obj
cc1.exe: warning: command line option '-Wno-delete-non-virtual-dtor' is valid for C++/ObjC++ but not for C
C:/Users/saiva/CLionProjects/Computer_Vision/7_OpenCV_Circle_Detection/cmake-build-debug/CMakeFiles/CMakeTmp/src.c:1: warning: ignoring #pragma   [-Wunknown-pragmas]
 #pragma
 
[2/2] Linking C executable cmTC_5e063.exe


===== END =====

Build output check failed:
    Regex: 'unrecognized .*option'
    Output line: 'cc1plus.exe: warning: unrecognized command line option '-Wno-unnamed-type-template-args''
Compilation failed:
    source file: 'C:/Users/saiva/CLionProjects/Computer_Vision/7_OpenCV_Circle_Detection/cmake-build-debug/CMakeFiles/CMakeTmp/src.cxx'
    check option: ' -fsigned-char -W -Wall -Wreturn-type -Wnon-virtual-dtor -Waddress -Wsequence-point -Wformat -Wformat-security -Wmissing-declarations -Wundef -Winit-self -Wpointer-arith -Wshadow -Wsign-promo -Wuninitialized -Wsuggest-override -Wno-delete-non-virtual-dtor  -Wno-unnamed-type-template-args'
===== BUILD LOG =====
Change Dir: C:/Users/saiva/CLionProjects/Computer_Vision/7_OpenCV_Circle_Detection/cmake-build-debug/CMakeFiles/CMakeTmp

Run Build Command(s):C:/Program Files/JetBrains/CLion 2021.1.2/bin/ninja/win/ninja.exe cmTC_0cc63 && [1/2] Building CXX object CMakeFiles/cmTC_0cc63.dir/src.cxx.obj
C:/Users/saiva/CLionProjects/Computer_Vision/7_OpenCV_Circle_Detection/cmake-build-debug/CMakeFiles/CMakeTmp/src.cxx:1: warning: ignoring #pragma   [-Wunknown-pragmas]
 #pragma
 
cc1plus.exe: warning: unrecognized command line option '-Wno-unnamed-type-template-args'
[2/2] Linking CXX executable cmTC_0cc63.exe


===== END =====

Build output check failed:
    Regex: 'unrecognized .*option'
    Output line: 'cc1.exe: warning: unrecognized command line option '-Wno-unnamed-type-template-args''
Compilation failed:
    source file: 'C:/Users/saiva/CLionProjects/Computer_Vision/7_OpenCV_Circle_Detection/cmake-build-debug/CMakeFiles/CMakeTmp/src.c'
    check option: ' -fsigned-char -W -Wall -Wreturn-type -Waddress -Wsequence-point -Wformat -Wformat-security -Wmissing-declarations -Wmissing-prototypes -Wstrict-prototypes -Wundef -Winit-self -Wpointer-arith -Wshadow -Wuninitialized  -Wno-unnamed-type-template-args'
===== BUILD LOG =====
Change Dir: C:/Users/saiva/CLionProjects/Computer_Vision/7_OpenCV_Circle_Detection/cmake-build-debug/CMakeFiles/CMakeTmp

Run Build Command(s):C:/Program Files/JetBrains/CLion 2021.1.2/bin/ninja/win/ninja.exe cmTC_78d8a && [1/2] Building C object CMakeFiles/cmTC_78d8a.dir/src.c.obj
C:/Users/saiva/CLionProjects/Computer_Vision/7_OpenCV_Circle_Detection/cmake-build-debug/CMakeFiles/CMakeTmp/src.c:1: warning: ignoring #pragma   [-Wunknown-pragmas]
 #pragma
 
cc1.exe: warning: unrecognized command line option '-Wno-unnamed-type-template-args'
[2/2] Linking C executable cmTC_78d8a.exe


===== END =====

Build output check failed:
    Regex: 'command[- ]line option .* is valid for .* but not for C'
    Output line: 'cc1.exe: warning: command line option '-fvisibility-inlines-hidden' is valid for C++/ObjC++ but not for C'
Compilation failed:
    source file: 'C:/Users/saiva/CLionProjects/Computer_Vision/7_OpenCV_Circle_Detection/cmake-build-debug/CMakeFiles/CMakeTmp/src.c'
    check option: ' -fsigned-char -W -Wall -Wreturn-type -Waddress -Wsequence-point -Wformat -Wformat-security -Wmissing-declarations -Wmissing-prototypes -Wstrict-prototypes -Wundef -Winit-self -Wpointer-arith -Wshadow -Wuninitialized -Wno-comment -Wimplicit-fallthrough=3 -Wno-strict-overflow -fdiagnostics-show-option -fomit-frame-pointer -ffunction-sections -fdata-sections  -msse -msse2 -mfpmath=sse -fvisibility=hidden  -fvisibility-inlines-hidden'
===== BUILD LOG =====
Change Dir: C:/Users/saiva/CLionProjects/Computer_Vision/7_OpenCV_Circle_Detection/cmake-build-debug/CMakeFiles/CMakeTmp

Run Build Command(s):C:/Program Files/JetBrains/CLion 2021.1.2/bin/ninja/win/ninja.exe cmTC_bc0bb && [1/2] Building C object CMakeFiles/cmTC_bc0bb.dir/src.c.obj
cc1.exe: warning: command line option '-fvisibility-inlines-hidden' is valid for C++/ObjC++ but not for C
C:/Users/saiva/CLionProjects/Computer_Vision/7_OpenCV_Circle_Detection/cmake-build-debug/CMakeFiles/CMakeTmp/src.c:1: warning: ignoring #pragma   [-Wunknown-pragmas]
 #pragma
 
[2/2] Linking C executable cmTC_bc0bb.exe


===== END =====

Build output check failed:
    Regex: 'unrecognized .*option'
    Output line: 'cc1.exe: warning: unrecognized command line option '-Wno-shorten-64-to-32''
Compilation failed:
    source file: 'C:/Users/saiva/CLionProjects/Computer_Vision/7_OpenCV_Circle_Detection/cmake-build-debug/CMakeFiles/CMakeTmp/src.c'
    check option: ' -Wno-shorten-64-to-32'
===== BUILD LOG =====
Change Dir: C:/Users/saiva/CLionProjects/Computer_Vision/7_OpenCV_Circle_Detection/cmake-build-debug/CMakeFiles/CMakeTmp

Run Build Command(s):C:/Program Files/JetBrains/CLion 2021.1.2/bin/ninja/win/ninja.exe cmTC_8e415 && [1/2] Building C object CMakeFiles/cmTC_8e415.dir/src.c.obj
C:/Users/saiva/CLionProjects/Computer_Vision/7_OpenCV_Circle_Detection/cmake-build-debug/CMakeFiles/CMakeTmp/src.c:1: warning: ignoring #pragma   [-Wunknown-pragmas]
 #pragma
 
cc1.exe: warning: unrecognized command line option '-Wno-shorten-64-to-32'
[2/2] Linking C executable cmTC_8e415.exe


===== END =====

Determining if the include file dlfcn.h exists failed with the following output:
Change Dir: C:/Users/saiva/CLionProjects/Computer_Vision/7_OpenCV_Circle_Detection/cmake-build-debug/CMakeFiles/CMakeTmp

Run Build Command(s):C:/Program Files/JetBrains/CLion 2021.1.2/bin/ninja/win/ninja.exe cmTC_f7faf && [1/2] Building C object CMakeFiles/cmTC_f7faf.dir/CheckIncludeFile.c.obj
FAILED: CMakeFiles/cmTC_f7faf.dir/CheckIncludeFile.c.obj 
C:\PROGRA~2\MINGW-~1\I686-8~1.0-P\mingw32\bin\gcc.exe   -fsigned-char -W -Wall -Wreturn-type -Waddress -Wsequence-point -Wformat -Wformat-security -Wmissing-declarations -Wmissing-prototypes -Wstrict-prototypes -Wundef -Winit-self -Wpointer-arith -Wshadow -Wuninitialized -Wno-comment -Wimplicit-fallthrough=3 -Wno-strict-overflow -fdiagnostics-show-option -fomit-frame-pointer -ffunction-sections -fdata-sections  -msse -msse2 -mfpmath=sse -fvisibility=hidden  -g  -O0 -DDEBUG -D_DEBUG -o CMakeFiles/cmTC_f7faf.dir/CheckIncludeFile.c.obj -c C:/Users/saiva/CLionProjects/Computer_Vision/7_OpenCV_Circle_Detection/cmake-build-debug/CMakeFiles/CMakeTmp/CheckIncludeFile.c
C:/Users/saiva/CLionProjects/Computer_Vision/7_OpenCV_Circle_Detection/cmake-build-debug/CMakeFiles/CMakeTmp/CheckIncludeFile.c:1:10: fatal error: dlfcn.h: No such file or directory
 #include <dlfcn.h>
          ^~~~~~~~~
compilation terminated.
ninja: build stopped: subcommand failed.



Determining size of INT8 failed with the following output:
Change Dir: C:/Users/saiva/CLionProjects/Computer_Vision/7_OpenCV_Circle_Detection/cmake-build-debug/CMakeFiles/CMakeTmp

Run Build Command(s):C:/Program Files/JetBrains/CLion 2021.1.2/bin/ninja/win/ninja.exe cmTC_973a4 && [1/2] Building C object CMakeFiles/cmTC_973a4.dir/int8.c.obj
FAILED: CMakeFiles/cmTC_973a4.dir/int8.c.obj 
C:\PROGRA~2\MINGW-~1\I686-8~1.0-P\mingw32\bin\gcc.exe   -fsigned-char -W -Wall -Wreturn-type -Waddress -Wsequence-point -Wformat -Wformat-security -Wmissing-declarations -Wmissing-prototypes -Wstrict-prototypes -Wundef -Winit-self -Wpointer-arith -Wshadow -Wuninitialized -Wno-comment -Wimplicit-fallthrough=3 -Wno-strict-overflow -fdiagnostics-show-option -fomit-frame-pointer -ffunction-sections -fdata-sections  -msse -msse2 -mfpmath=sse -fvisibility=hidden  -g  -O0 -DDEBUG -D_DEBUG -o CMakeFiles/cmTC_973a4.dir/int8.c.obj -c C:/Users/saiva/CLionProjects/Computer_Vision/7_OpenCV_Circle_Detection/cmake-build-debug/CMakeFiles/CheckTypeSize/int8.c
C:/Users/saiva/CLionProjects/Computer_Vision/7_OpenCV_Circle_Detection/cmake-build-debug/CMakeFiles/CheckTypeSize/int8.c:27:22: error: 'INT8' undeclared here (not in a function); did you mean 'INT8_C'?
 #define SIZE (sizeof(INT8))
                      ^~~~
C:/Users/saiva/CLionProjects/Computer_Vision/7_OpenCV_Circle_Detection/cmake-build-debug/CMakeFiles/CheckTypeSize/int8.c:29:12: note: in expansion of macro 'SIZE'
   ('0' + ((SIZE / 10000)%10)),
            ^~~~
ninja: build stopped: subcommand failed.


C:/Users/saiva/CLionProjects/Computer_Vision/7_OpenCV_Circle_Detection/cmake-build-debug/CMakeFiles/CheckTypeSize/int8.c:
#include <sys/types.h>
#include <stdint.h>
#include <stddef.h>


#undef KEY
#if defined(__i386)
# define KEY '_','_','i','3','8','6'
#elif defined(__x86_64)
# define KEY '_','_','x','8','6','_','6','4'
#elif defined(__PPC64__)
# define KEY '_','_','P','P','C','6','4','_','_'
#elif defined(__ppc64__)
# define KEY '_','_','p','p','c','6','4','_','_'
#elif defined(__PPC__)
# define KEY '_','_','P','P','C','_','_'
#elif defined(__ppc__)
# define KEY '_','_','p','p','c','_','_'
#elif defined(__aarch64__)
# define KEY '_','_','a','a','r','c','h','6','4','_','_'
#elif defined(__ARM_ARCH_7A__)
# define KEY '_','_','A','R','M','_','A','R','C','H','_','7','A','_','_'
#elif defined(__ARM_ARCH_7S__)
# define KEY '_','_','A','R','M','_','A','R','C','H','_','7','S','_','_'
#endif

#define SIZE (sizeof(INT8))
static char info_size[] =  {'I', 'N', 'F', 'O', ':', 's','i','z','e','[',
  ('0' + ((SIZE / 10000)%10)),
  ('0' + ((SIZE / 1000)%10)),
  ('0' + ((SIZE / 100)%10)),
  ('0' + ((SIZE / 10)%10)),
  ('0' +  (SIZE    % 10)),
  ']',
#ifdef KEY
  ' ','k','e','y','[', KEY, ']',
#endif
  '\0'};

#ifdef __CLASSIC_C__
int main(argc, argv) int argc; char *argv[];
#else
int main(int argc, char *argv[])
#endif
{
  int require = 0;
  require += info_size[argc];
  (void)argv;
  return require;
}


Determining size of INT16 failed with the following output:
Change Dir: C:/Users/saiva/CLionProjects/Computer_Vision/7_OpenCV_Circle_Detection/cmake-build-debug/CMakeFiles/CMakeTmp

Run Build Command(s):C:/Program Files/JetBrains/CLion 2021.1.2/bin/ninja/win/ninja.exe cmTC_14943 && [1/2] Building C object CMakeFiles/cmTC_14943.dir/int16.c.obj
FAILED: CMakeFiles/cmTC_14943.dir/int16.c.obj 
C:\PROGRA~2\MINGW-~1\I686-8~1.0-P\mingw32\bin\gcc.exe   -fsigned-char -W -Wall -Wreturn-type -Waddress -Wsequence-point -Wformat -Wformat-security -Wmissing-declarations -Wmissing-prototypes -Wstrict-prototypes -Wundef -Winit-self -Wpointer-arith -Wshadow -Wuninitialized -Wno-comment -Wimplicit-fallthrough=3 -Wno-strict-overflow -fdiagnostics-show-option -fomit-frame-pointer -ffunction-sections -fdata-sections  -msse -msse2 -mfpmath=sse -fvisibility=hidden  -g  -O0 -DDEBUG -D_DEBUG -o CMakeFiles/cmTC_14943.dir/int16.c.obj -c C:/Users/saiva/CLionProjects/Computer_Vision/7_OpenCV_Circle_Detection/cmake-build-debug/CMakeFiles/CheckTypeSize/int16.c
C:/Users/saiva/CLionProjects/Computer_Vision/7_OpenCV_Circle_Detection/cmake-build-debug/CMakeFiles/CheckTypeSize/int16.c:27:22: error: 'INT16' undeclared here (not in a function); did you mean 'INT16_C'?
 #define SIZE (sizeof(INT16))
                      ^~~~~
C:/Users/saiva/CLionProjects/Computer_Vision/7_OpenCV_Circle_Detection/cmake-build-debug/CMakeFiles/CheckTypeSize/int16.c:29:12: note: in expansion of macro 'SIZE'
   ('0' + ((SIZE / 10000)%10)),
            ^~~~
ninja: build stopped: subcommand failed.


C:/Users/saiva/CLionProjects/Computer_Vision/7_OpenCV_Circle_Detection/cmake-build-debug/CMakeFiles/CheckTypeSize/int16.c:
#include <sys/types.h>
#include <stdint.h>
#include <stddef.h>


#undef KEY
#if defined(__i386)
# define KEY '_','_','i','3','8','6'
#elif defined(__x86_64)
# define KEY '_','_','x','8','6','_','6','4'
#elif defined(__PPC64__)
# define KEY '_','_','P','P','C','6','4','_','_'
#elif defined(__ppc64__)
# define KEY '_','_','p','p','c','6','4','_','_'
#elif defined(__PPC__)
# define KEY '_','_','P','P','C','_','_'
#elif defined(__ppc__)
# define KEY '_','_','p','p','c','_','_'
#elif defined(__aarch64__)
# define KEY '_','_','a','a','r','c','h','6','4','_','_'
#elif defined(__ARM_ARCH_7A__)
# define KEY '_','_','A','R','M','_','A','R','C','H','_','7','A','_','_'
#elif defined(__ARM_ARCH_7S__)
# define KEY '_','_','A','R','M','_','A','R','C','H','_','7','S','_','_'
#endif

#define SIZE (sizeof(INT16))
static char info_size[] =  {'I', 'N', 'F', 'O', ':', 's','i','z','e','[',
  ('0' + ((SIZE / 10000)%10)),
  ('0' + ((SIZE / 1000)%10)),
  ('0' + ((SIZE / 100)%10)),
  ('0' + ((SIZE / 10)%10)),
  ('0' +  (SIZE    % 10)),
  ']',
#ifdef KEY
  ' ','k','e','y','[', KEY, ']',
#endif
  '\0'};

#ifdef __CLASSIC_C__
int main(argc, argv) int argc; char *argv[];
#else
int main(int argc, char *argv[])
#endif
{
  int require = 0;
  require += info_size[argc];
  (void)argv;
  return require;
}


Determining size of INT32 failed with the following output:
Change Dir: C:/Users/saiva/CLionProjects/Computer_Vision/7_OpenCV_Circle_Detection/cmake-build-debug/CMakeFiles/CMakeTmp

Run Build Command(s):C:/Program Files/JetBrains/CLion 2021.1.2/bin/ninja/win/ninja.exe cmTC_03783 && [1/2] Building C object CMakeFiles/cmTC_03783.dir/int32.c.obj
FAILED: CMakeFiles/cmTC_03783.dir/int32.c.obj 
C:\PROGRA~2\MINGW-~1\I686-8~1.0-P\mingw32\bin\gcc.exe   -fsigned-char -W -Wall -Wreturn-type -Waddress -Wsequence-point -Wformat -Wformat-security -Wmissing-declarations -Wmissing-prototypes -Wstrict-prototypes -Wundef -Winit-self -Wpointer-arith -Wshadow -Wuninitialized -Wno-comment -Wimplicit-fallthrough=3 -Wno-strict-overflow -fdiagnostics-show-option -fomit-frame-pointer -ffunction-sections -fdata-sections  -msse -msse2 -mfpmath=sse -fvisibility=hidden  -g  -O0 -DDEBUG -D_DEBUG -o CMakeFiles/cmTC_03783.dir/int32.c.obj -c C:/Users/saiva/CLionProjects/Computer_Vision/7_OpenCV_Circle_Detection/cmake-build-debug/CMakeFiles/CheckTypeSize/int32.c
C:/Users/saiva/CLionProjects/Computer_Vision/7_OpenCV_Circle_Detection/cmake-build-debug/CMakeFiles/CheckTypeSize/int32.c:27:22: error: 'INT32' undeclared here (not in a function); did you mean 'INT32_C'?
 #define SIZE (sizeof(INT32))
                      ^~~~~
C:/Users/saiva/CLionProjects/Computer_Vision/7_OpenCV_Circle_Detection/cmake-build-debug/CMakeFiles/CheckTypeSize/int32.c:29:12: note: in expansion of macro 'SIZE'
   ('0' + ((SIZE / 10000)%10)),
            ^~~~
ninja: build stopped: subcommand failed.


C:/Users/saiva/CLionProjects/Computer_Vision/7_OpenCV_Circle_Detection/cmake-build-debug/CMakeFiles/CheckTypeSize/int32.c:
#include <sys/types.h>
#include <stdint.h>
#include <stddef.h>


#undef KEY
#if defined(__i386)
# define KEY '_','_','i','3','8','6'
#elif defined(__x86_64)
# define KEY '_','_','x','8','6','_','6','4'
#elif defined(__PPC64__)
# define KEY '_','_','P','P','C','6','4','_','_'
#elif defined(__ppc64__)
# define KEY '_','_','p','p','c','6','4','_','_'
#elif defined(__PPC__)
# define KEY '_','_','P','P','C','_','_'
#elif defined(__ppc__)
# define KEY '_','_','p','p','c','_','_'
#elif defined(__aarch64__)
# define KEY '_','_','a','a','r','c','h','6','4','_','_'
#elif defined(__ARM_ARCH_7A__)
# define KEY '_','_','A','R','M','_','A','R','C','H','_','7','A','_','_'
#elif defined(__ARM_ARCH_7S__)
# define KEY '_','_','A','R','M','_','A','R','C','H','_','7','S','_','_'
#endif

#define SIZE (sizeof(INT32))
static char info_size[] =  {'I', 'N', 'F', 'O', ':', 's','i','z','e','[',
  ('0' + ((SIZE / 10000)%10)),
  ('0' + ((SIZE / 1000)%10)),
  ('0' + ((SIZE / 100)%10)),
  ('0' + ((SIZE / 10)%10)),
  ('0' +  (SIZE    % 10)),
  ']',
#ifdef KEY
  ' ','k','e','y','[', KEY, ']',
#endif
  '\0'};

#ifdef __CLASSIC_C__
int main(argc, argv) int argc; char *argv[];
#else
int main(int argc, char *argv[])
#endif
{
  int require = 0;
  require += info_size[argc];
  (void)argv;
  return require;
}


Determining if the function mmap exists failed with the following output:
Change Dir: C:/Users/saiva/CLionProjects/Computer_Vision/7_OpenCV_Circle_Detection/cmake-build-debug/CMakeFiles/CMakeTmp

Run Build Command(s):C:/Program Files/JetBrains/CLion 2021.1.2/bin/ninja/win/ninja.exe cmTC_226ed && [1/2] Building C object CMakeFiles/cmTC_226ed.dir/CheckFunctionExists.c.obj
[2/2] Linking C executable cmTC_226ed.exe
FAILED: cmTC_226ed.exe 
cmd.exe /C "cd . && C:\PROGRA~2\MINGW-~1\I686-8~1.0-P\mingw32\bin\gcc.exe -fsigned-char -W -Wall -Wreturn-type -Waddress -Wsequence-point -Wformat -Wformat-security -Wmissing-declarations -Wmissing-prototypes -Wstrict-prototypes -Wundef -Winit-self -Wpointer-arith -Wshadow -Wuninitialized -Wno-comment -Wimplicit-fallthrough=3 -Wno-strict-overflow -fdiagnostics-show-option -fomit-frame-pointer -ffunction-sections -fdata-sections  -msse -msse2 -mfpmath=sse -fvisibility=hidden -DCHECK_FUNCTION_EXISTS=mmap -g  -O0 -DDEBUG -D_DEBUG -Wl,--gc-sections CMakeFiles/cmTC_226ed.dir/CheckFunctionExists.c.obj -o cmTC_226ed.exe -Wl,--out-implib,libcmTC_226ed.dll.a -Wl,--major-image-version,0,--minor-image-version,0  -lkernel32 -luser32 -lgdi32 -lwinspool -lshell32 -lole32 -loleaut32 -luuid -lcomdlg32 -ladvapi32 && cd ."
CMakeFiles/cmTC_226ed.dir/CheckFunctionExists.c.obj: In function `main':
C:/Program Files/JetBrains/CLion 2021.1.2/bin/cmake/win/share/cmake-3.21/Modules/CheckFunctionExists.c:17: undefined reference to `mmap'
collect2.exe: error: ld returned 1 exit status
ninja: build stopped: subcommand failed.



Build output check failed:
    Regex: 'command[- ]line option .* is valid for .* but not for C\+\+'
    Output line: 'cc1plus.exe: warning: command line option '-Wno-missing-prototypes' is valid for C/ObjC but not for C++'
Compilation failed:
    source file: 'C:/Users/saiva/CLionProjects/Computer_Vision/7_OpenCV_Circle_Detection/cmake-build-debug/CMakeFiles/CMakeTmp/src.cxx'
    check option: ' -Wno-missing-prototypes'
===== BUILD LOG =====
Change Dir: C:/Users/saiva/CLionProjects/Computer_Vision/7_OpenCV_Circle_Detection/cmake-build-debug/CMakeFiles/CMakeTmp

Run Build Command(s):C:/Program Files/JetBrains/CLion 2021.1.2/bin/ninja/win/ninja.exe cmTC_aadc5 && [1/2] Building CXX object CMakeFiles/cmTC_aadc5.dir/src.cxx.obj
cc1plus.exe: warning: command line option '-Wno-missing-prototypes' is valid for C/ObjC but not for C++
C:/Users/saiva/CLionProjects/Computer_Vision/7_OpenCV_Circle_Detection/cmake-build-debug/CMakeFiles/CMakeTmp/src.cxx:1: warning: ignoring #pragma   [-Wunknown-pragmas]
 #pragma
 
[2/2] Linking CXX executable cmTC_aadc5.exe


===== END =====

Build output check failed:
    Regex: 'unrecognized .*option'
    Output line: 'cc1.exe: warning: unrecognized command line option '-Wno-implicit-const-int-float-conversion''
Compilation failed:
    source file: 'C:/Users/saiva/CLionProjects/Computer_Vision/7_OpenCV_Circle_Detection/cmake-build-debug/CMakeFiles/CMakeTmp/src.c'
    check option: ' -Wno-implicit-const-int-float-conversion'
===== BUILD LOG =====
Change Dir: C:/Users/saiva/CLionProjects/Computer_Vision/7_OpenCV_Circle_Detection/cmake-build-debug/CMakeFiles/CMakeTmp

Run Build Command(s):C:/Program Files/JetBrains/CLion 2021.1.2/bin/ninja/win/ninja.exe cmTC_25b33 && [1/2] Building C object CMakeFiles/cmTC_25b33.dir/src.c.obj
C:/Users/saiva/CLionProjects/Computer_Vision/7_OpenCV_Circle_Detection/cmake-build-debug/CMakeFiles/CMakeTmp/src.c:1: warning: ignoring #pragma   [-Wunknown-pragmas]
 #pragma
 
cc1.exe: warning: unrecognized command line option '-Wno-implicit-const-int-float-conversion'
[2/2] Linking C executable cmTC_25b33.exe


===== END =====

Determining if the posix_memalign exist failed with the following output:
Change Dir: C:/Users/saiva/CLionProjects/Computer_Vision/7_OpenCV_Circle_Detection/cmake-build-debug/CMakeFiles/CMakeTmp

Run Build Command(s):C:/Program Files/JetBrains/CLion 2021.1.2/bin/ninja/win/ninja.exe cmTC_3bfe9 && [1/2] Building C object CMakeFiles/cmTC_3bfe9.dir/CheckSymbolExists.c.obj
FAILED: CMakeFiles/cmTC_3bfe9.dir/CheckSymbolExists.c.obj 
C:\PROGRA~2\MINGW-~1\I686-8~1.0-P\mingw32\bin\gcc.exe -D_POSIX_C_SOURCE=200112L  -fsigned-char -W -Wall -Wreturn-type -Waddress -Wsequence-point -Wformat -Wformat-security -Wmissing-declarations -Wmissing-prototypes -Wstrict-prototypes -Wundef -Winit-self -Wpointer-arith -Wshadow -Wuninitialized -Wno-comment -Wimplicit-fallthrough=3 -Wno-strict-overflow -fdiagnostics-show-option -fomit-frame-pointer -ffunction-sections -fdata-sections  -msse -msse2 -mfpmath=sse -fvisibility=hidden  -g  -O0 -DDEBUG -D_DEBUG -o CMakeFiles/cmTC_3bfe9.dir/CheckSymbolExists.c.obj -c C:/Users/saiva/CLionProjects/Computer_Vision/7_OpenCV_Circle_Detection/cmake-build-debug/CMakeFiles/CMakeTmp/CheckSymbolExists.c
C:/Users/saiva/CLionProjects/Computer_Vision/7_OpenCV_Circle_Detection/cmake-build-debug/CMakeFiles/CMakeTmp/CheckSymbolExists.c: In function 'main':
C:/Users/saiva/CLionProjects/Computer_Vision/7_OpenCV_Circle_Detection/cmake-build-debug/CMakeFiles/CMakeTmp/CheckSymbolExists.c:8:19: error: 'posix_memalign' undeclared (first use in this function)
   return ((int*)(&posix_memalign))[argc];
                   ^~~~~~~~~~~~~~
C:/Users/saiva/CLionProjects/Computer_Vision/7_OpenCV_Circle_Detection/cmake-build-debug/CMakeFiles/CMakeTmp/CheckSymbolExists.c:8:19: note: each undeclared identifier is reported only once for each function it appears in
C:/Users/saiva/CLionProjects/Computer_Vision/7_OpenCV_Circle_Detection/cmake-build-debug/CMakeFiles/CMakeTmp/CheckSymbolExists.c:4:14: warning: parameter 'argc' set but not used [-Wunused-but-set-parameter]
 int main(int argc, char** argv)
          ~~~~^~~~
ninja: build stopped: subcommand failed.


File C:/Users/saiva/CLionProjects/Computer_Vision/7_OpenCV_Circle_Detection/cmake-build-debug/CMakeFiles/CMakeTmp/CheckSymbolExists.c:
/* */
#include <stdlib.h>

int main(int argc, char** argv)
{
  (void)argv;
#ifndef posix_memalign
  return ((int*)(&posix_memalign))[argc];
#else
  (void)argc;
  return 0;
#endif
}
Determining if the memalign exist failed with the following output:
Change Dir: C:/Users/saiva/CLionProjects/Computer_Vision/7_OpenCV_Circle_Detection/cmake-build-debug/CMakeFiles/CMakeTmp

Run Build Command(s):C:/Program Files/JetBrains/CLion 2021.1.2/bin/ninja/win/ninja.exe cmTC_f3e20 && [1/2] Building C object CMakeFiles/cmTC_f3e20.dir/CheckSymbolExists.c.obj
FAILED: CMakeFiles/cmTC_f3e20.dir/CheckSymbolExists.c.obj 
C:\PROGRA~2\MINGW-~1\I686-8~1.0-P\mingw32\bin\gcc.exe   -fsigned-char -W -Wall -Wreturn-type -Waddress -Wsequence-point -Wformat -Wformat-security -Wmissing-declarations -Wmissing-prototypes -Wstrict-prototypes -Wundef -Winit-self -Wpointer-arith -Wshadow -Wuninitialized -Wno-comment -Wimplicit-fallthrough=3 -Wno-strict-overflow -fdiagnostics-show-option -fomit-frame-pointer -ffunction-sections -fdata-sections  -msse -msse2 -mfpmath=sse -fvisibility=hidden  -g  -O0 -DDEBUG -D_DEBUG -o CMakeFiles/cmTC_f3e20.dir/CheckSymbolExists.c.obj -c C:/Users/saiva/CLionProjects/Computer_Vision/7_OpenCV_Circle_Detection/cmake-build-debug/CMakeFiles/CMakeTmp/CheckSymbolExists.c
C:/Users/saiva/CLionProjects/Computer_Vision/7_OpenCV_Circle_Detection/cmake-build-debug/CMakeFiles/CMakeTmp/CheckSymbolExists.c: In function 'main':
C:/Users/saiva/CLionProjects/Computer_Vision/7_OpenCV_Circle_Detection/cmake-build-debug/CMakeFiles/CMakeTmp/CheckSymbolExists.c:8:19: error: 'memalign' undeclared (first use in this function); did you mean 'main'?
   return ((int*)(&memalign))[argc];
                   ^~~~~~~~
                   main
C:/Users/saiva/CLionProjects/Computer_Vision/7_OpenCV_Circle_Detection/cmake-build-debug/CMakeFiles/CMakeTmp/CheckSymbolExists.c:8:19: note: each undeclared identifier is reported only once for each function it appears in
C:/Users/saiva/CLionProjects/Computer_Vision/7_OpenCV_Circle_Detection/cmake-build-debug/CMakeFiles/CMakeTmp/CheckSymbolExists.c:4:14: warning: parameter 'argc' set but not used [-Wunused-but-set-parameter]
 int main(int argc, char** argv)
          ~~~~^~~~
ninja: build stopped: subcommand failed.


File C:/Users/saiva/CLionProjects/Computer_Vision/7_OpenCV_Circle_Detection/cmake-build-debug/CMakeFiles/CMakeTmp/CheckSymbolExists.c:
/* */
#include <malloc.h>

int main(int argc, char** argv)
{
  (void)argv;
#ifndef memalign
  return ((int*)(&memalign))[argc];
#else
  (void)argc;
  return 0;
#endif
}
Build output check failed:
    Regex: 'unrecognized .*option'
    Output line: 'cc1plus.exe: warning: unrecognized command line option '-Wno-inconsistent-missing-override''
Compilation failed:
    source file: 'C:/Users/saiva/CLionProjects/Computer_Vision/7_OpenCV_Circle_Detection/cmake-build-debug/CMakeFiles/CMakeTmp/src.cxx'
    check option: ' -Wno-inconsistent-missing-override'
===== BUILD LOG =====
Change Dir: C:/Users/saiva/CLionProjects/Computer_Vision/7_OpenCV_Circle_Detection/cmake-build-debug/CMakeFiles/CMakeTmp

Run Build Command(s):C:/Program Files/JetBrains/CLion 2021.1.2/bin/ninja/win/ninja.exe cmTC_777dc && [1/2] Building CXX object CMakeFiles/cmTC_777dc.dir/src.cxx.obj
C:/Users/saiva/CLionProjects/Computer_Vision/7_OpenCV_Circle_Detection/cmake-build-debug/CMakeFiles/CMakeTmp/src.cxx:1: warning: ignoring #pragma   [-Wunknown-pragmas]
 #pragma
 
cc1plus.exe: warning: unrecognized command line option '-Wno-inconsistent-missing-override'
[2/2] Linking CXX executable cmTC_777dc.exe


===== END =====

Build output check failed:
    Regex: 'unrecognized .*option'
    Output line: 'cc1plus.exe: warning: unrecognized command line option '-Wno-implicit-const-int-float-conversion''
Compilation failed:
    source file: 'C:/Users/saiva/CLionProjects/Computer_Vision/7_OpenCV_Circle_Detection/cmake-build-debug/CMakeFiles/CMakeTmp/src.cxx'
    check option: ' -Wno-implicit-const-int-float-conversion'
===== BUILD LOG =====
Change Dir: C:/Users/saiva/CLionProjects/Computer_Vision/7_OpenCV_Circle_Detection/cmake-build-debug/CMakeFiles/CMakeTmp

Run Build Command(s):C:/Program Files/JetBrains/CLion 2021.1.2/bin/ninja/win/ninja.exe cmTC_bc51b && [1/2] Building CXX object CMakeFiles/cmTC_bc51b.dir/src.cxx.obj
C:/Users/saiva/CLionProjects/Computer_Vision/7_OpenCV_Circle_Detection/cmake-build-debug/CMakeFiles/CMakeTmp/src.cxx:1: warning: ignoring #pragma   [-Wunknown-pragmas]
 #pragma
 
cc1plus.exe: warning: unrecognized command line option '-Wno-implicit-const-int-float-conversion'
[2/2] Linking CXX executable cmTC_bc51b.exe


===== END =====

Determining if the function sgemm_ exists failed with the following output:
Change Dir: C:/Users/saiva/CLionProjects/Computer_Vision/7_OpenCV_Circle_Detection/cmake-build-debug/CMakeFiles/CMakeTmp

Run Build Command(s):C:/Program Files/JetBrains/CLion 2021.1.2/bin/ninja/win/ninja.exe cmTC_fc5e4 && [1/2] Building C object CMakeFiles/cmTC_fc5e4.dir/CheckFunctionExists.c.obj
[2/2] Linking C executable cmTC_fc5e4.exe
FAILED: cmTC_fc5e4.exe 
cmd.exe /C "cd . && C:\PROGRA~2\MINGW-~1\I686-8~1.0-P\mingw32\bin\gcc.exe -fsigned-char -W -Wall -Wreturn-type -Waddress -Wsequence-point -Wformat -Wformat-security -Wmissing-declarations -Wmissing-prototypes -Wstrict-prototypes -Wundef -Winit-self -Wpointer-arith -Wshadow -Wuninitialized -Wno-comment -Wimplicit-fallthrough=3 -Wno-strict-overflow -fdiagnostics-show-option -fomit-frame-pointer -ffunction-sections -fdata-sections  -msse -msse2 -mfpmath=sse -fvisibility=hidden -DCHECK_FUNCTION_EXISTS=sgemm_ -g  -O0 -DDEBUG -D_DEBUG -Wl,--gc-sections CMakeFiles/cmTC_fc5e4.dir/CheckFunctionExists.c.obj -o cmTC_fc5e4.exe -Wl,--out-implib,libcmTC_fc5e4.dll.a -Wl,--major-image-version,0,--minor-image-version,0  -lkernel32 -luser32 -lgdi32 -lwinspool -lshell32 -lole32 -loleaut32 -luuid -lcomdlg32 -ladvapi32 && cd ."
CMakeFiles/cmTC_fc5e4.dir/CheckFunctionExists.c.obj: In function `main':
C:/Program Files/JetBrains/CLion 2021.1.2/bin/cmake/win/share/cmake-3.21/Modules/CheckFunctionExists.c:17: undefined reference to `sgemm_'
collect2.exe: error: ld returned 1 exit status
ninja: build stopped: subcommand failed.



Determining if the function sgemm_ exists failed with the following output:
Change Dir: C:/Users/saiva/CLionProjects/Computer_Vision/7_OpenCV_Circle_Detection/cmake-build-debug/CMakeFiles/CMakeTmp

Run Build Command(s):C:/Program Files/JetBrains/CLion 2021.1.2/bin/ninja/win/ninja.exe cmTC_85cb2 && [1/2] Building C object CMakeFiles/cmTC_85cb2.dir/CheckFunctionExists.c.obj
[2/2] Linking C executable cmTC_85cb2.exe
FAILED: cmTC_85cb2.exe 
cmd.exe /C "cd . && C:\PROGRA~2\MINGW-~1\I686-8~1.0-P\mingw32\bin\gcc.exe -fsigned-char -W -Wall -Wreturn-type -Waddress -Wsequence-point -Wformat -Wformat-security -Wmissing-declarations -Wmissing-prototypes -Wstrict-prototypes -Wundef -Winit-self -Wpointer-arith -Wshadow -Wuninitialized -Wno-comment -Wimplicit-fallthrough=3 -Wno-strict-overflow -fdiagnostics-show-option -fomit-frame-pointer -ffunction-sections -fdata-sections  -msse -msse2 -mfpmath=sse -fvisibility=hidden -DCHECK_FUNCTION_EXISTS=sgemm_ -g  -O0 -DDEBUG -D_DEBUG -Wl,--gc-sections CMakeFiles/cmTC_85cb2.dir/CheckFunctionExists.c.obj -o cmTC_85cb2.exe -Wl,--out-implib,libcmTC_85cb2.dll.a -Wl,--major-image-version,0,--minor-image-version,0  -SSL2  -lkernel32 -luser32 -lgdi32 -lwinspool -lshell32 -lole32 -loleaut32 -luuid -lcomdlg32 -ladvapi32 && cd ."
gcc.exe: error: unrecognized command line option '-SSL2'
ninja: build stopped: subcommand failed.



Build output check failed:
    Regex: 'unrecognized .*option'
    Output line: 'cc1plus.exe: warning: unrecognized command line option '-Wno-tautological-undefined-compare''
Compilation failed:
    source file: 'C:/Users/saiva/CLionProjects/Computer_Vision/7_OpenCV_Circle_Detection/cmake-build-debug/CMakeFiles/CMakeTmp/src.cxx'
    check option: ' -Wno-tautological-undefined-compare'
===== BUILD LOG =====
Change Dir: C:/Users/saiva/CLionProjects/Computer_Vision/7_OpenCV_Circle_Detection/cmake-build-debug/CMakeFiles/CMakeTmp

Run Build Command(s):C:/Program Files/JetBrains/CLion 2021.1.2/bin/ninja/win/ninja.exe cmTC_6d0b3 && [1/2] Building CXX object CMakeFiles/cmTC_6d0b3.dir/src.cxx.obj
C:/Users/saiva/CLionProjects/Computer_Vision/7_OpenCV_Circle_Detection/cmake-build-debug/CMakeFiles/CMakeTmp/src.cxx:1: warning: ignoring #pragma   [-Wunknown-pragmas]
 #pragma
 
cc1plus.exe: warning: unrecognized command line option '-Wno-tautological-undefined-compare'
[2/2] Linking CXX executable cmTC_6d0b3.exe


===== END =====

Build output check failed:
    Regex: 'unrecognized .*option'
    Output line: 'cc1plus.exe: warning: unrecognized command line option '-Wno-shorten-64-to-32''
Compilation failed:
    source file: 'C:/Users/saiva/CLionProjects/Computer_Vision/7_OpenCV_Circle_Detection/cmake-build-debug/CMakeFiles/CMakeTmp/src.cxx'
    check option: ' -Wno-shorten-64-to-32'
===== BUILD LOG =====
Change Dir: C:/Users/saiva/CLionProjects/Computer_Vision/7_OpenCV_Circle_Detection/cmake-build-debug/CMakeFiles/CMakeTmp

Run Build Command(s):C:/Program Files/JetBrains/CLion 2021.1.2/bin/ninja/win/ninja.exe cmTC_8bb8c && [1/2] Building CXX object CMakeFiles/cmTC_8bb8c.dir/src.cxx.obj
C:/Users/saiva/CLionProjects/Computer_Vision/7_OpenCV_Circle_Detection/cmake-build-debug/CMakeFiles/CMakeTmp/src.cxx:1: warning: ignoring #pragma   [-Wunknown-pragmas]
 #pragma
 
cc1plus.exe: warning: unrecognized command line option '-Wno-shorten-64-to-32'
[2/2] Linking CXX executable cmTC_8bb8c.exe


===== END =====

Build output check failed:
    Regex: 'unrecognized .*option'
    Output line: 'cc1plus.exe: warning: unrecognized command line option '-Wno-enum-compare-switch''
Compilation failed:
    source file: 'C:/Users/saiva/CLionProjects/Computer_Vision/7_OpenCV_Circle_Detection/cmake-build-debug/CMakeFiles/CMakeTmp/src.cxx'
    check option: ' -Wno-enum-compare-switch'
===== BUILD LOG =====
Change Dir: C:/Users/saiva/CLionProjects/Computer_Vision/7_OpenCV_Circle_Detection/cmake-build-debug/CMakeFiles/CMakeTmp

Run Build Command(s):C:/Program Files/JetBrains/CLion 2021.1.2/bin/ninja/win/ninja.exe cmTC_282a2 && [1/2] Building CXX object CMakeFiles/cmTC_282a2.dir/src.cxx.obj
C:/Users/saiva/CLionProjects/Computer_Vision/7_OpenCV_Circle_Detection/cmake-build-debug/CMakeFiles/CMakeTmp/src.cxx:1: warning: ignoring #pragma   [-Wunknown-pragmas]
 #pragma
 
cc1plus.exe: warning: unrecognized command line option '-Wno-enum-compare-switch'
[2/2] Linking CXX executable cmTC_282a2.exe


===== END =====

